<?xml version="1.0" encoding="UTF-8"?>
<testng-results ignored="0" total="1" passed="1" failed="0" skipped="0">
  <reporter-output>
  </reporter-output>
  <suite started-at="2023-11-08T16:19:05 IST" name="Default suite" finished-at="2023-11-08T16:19:33 IST" duration-ms="28252">
    <groups>
    </groups>
    <test started-at="2023-11-08T16:19:05 IST" name="Default test" finished-at="2023-11-08T16:19:33 IST" duration-ms="28252">
      <class name="com.testcases.Company">
        <test-method is-config="true" signature="Setup()[pri:0, instance:com.testcases.Company@2f16c6b3]" started-at="2023-11-08T16:19:05 IST" name="Setup" finished-at="2023-11-08T16:19:11 IST" duration-ms="6602" status="PASS">
          <reporter-output>
          </reporter-output>
        </test-method> <!-- Setup -->
        <test-method signature="ShiftsfunctionalityValidation()[pri:0, instance:com.testcases.Company@2f16c6b3]" started-at="2023-11-08T16:19:11 IST" name="ShiftsfunctionalityValidation" finished-at="2023-11-08T16:19:33 IST" duration-ms="21536" status="PASS">
          <reporter-output>
          </reporter-output>
        </test-method> <!-- ShiftsfunctionalityValidation -->
        <test-method is-config="true" signature="teardown()[pri:0, instance:com.testcases.Company@2f16c6b3]" started-at="2023-11-08T16:19:33 IST" name="teardown" finished-at="2023-11-08T16:19:33 IST" duration-ms="3" status="PASS">
          <reporter-output>
          </reporter-output>
        </test-method> <!-- teardown -->
      </class> <!-- com.testcases.Company -->
    </test> <!-- Default test -->
  </suite> <!-- Default suite -->
</testng-results>
