<?xml version="1.0" encoding="UTF-8"?>
<testng-results ignored="0" total="1" passed="1" failed="0" skipped="0">
  <reporter-output>
  </reporter-output>
  <suite started-at="2023-10-26T20:21:55 IST" name="Default suite" finished-at="2023-10-26T20:22:27 IST" duration-ms="31394">
    <groups>
    </groups>
    <test started-at="2023-10-26T20:21:55 IST" name="Default test" finished-at="2023-10-26T20:22:27 IST" duration-ms="31394">
      <class name="com.testcases.AddCondition">
        <test-method is-config="true" signature="Data()[pri:0, instance:com.testcases.AddCondition@4145bad8]" started-at="2023-10-26T20:21:55 IST" name="Data" finished-at="2023-10-26T20:22:01 IST" duration-ms="5979" status="PASS">
          <reporter-output>
          </reporter-output>
        </test-method> <!-- Data -->
        <test-method signature="Sub_CatageoriesData()[pri:0, instance:com.testcases.AddCondition@4145bad8]" started-at="2023-10-26T20:22:01 IST" name="Sub_CatageoriesData" finished-at="2023-10-26T20:22:27 IST" duration-ms="25286" status="PASS">
          <reporter-output>
          </reporter-output>
        </test-method> <!-- Sub_CatageoriesData -->
        <test-method is-config="true" signature="teardown()[pri:0, instance:com.testcases.AddCondition@4145bad8]" started-at="2023-10-26T20:22:27 IST" name="teardown" finished-at="2023-10-26T20:22:27 IST" duration-ms="1" status="PASS">
          <reporter-output>
          </reporter-output>
        </test-method> <!-- teardown -->
      </class> <!-- com.testcases.AddCondition -->
    </test> <!-- Default test -->
  </suite> <!-- Default suite -->
</testng-results>
