<?xml version="1.0" encoding="UTF-8"?>
<testng-results ignored="0" total="1" passed="1" failed="0" skipped="0">
  <reporter-output>
  </reporter-output>
  <suite started-at="2023-10-10T13:11:22 IST" name="Default suite" finished-at="2023-10-10T13:11:55 IST" duration-ms="33274">
    <groups>
    </groups>
    <test started-at="2023-10-10T13:11:22 IST" name="Default test" finished-at="2023-10-10T13:11:55 IST" duration-ms="33274">
      <class name="com.testcases.Addproduct">
        <test-method is-config="true" signature="setup()[pri:0, instance:com.testcases.Addproduct@1530c739]" started-at="2023-10-10T13:11:23 IST" name="setup" finished-at="2023-10-10T13:11:29 IST" duration-ms="5572" status="PASS">
          <reporter-output>
          </reporter-output>
        </test-method> <!-- setup -->
        <test-method signature="loginvalidation(java.lang.String,java.lang.String,java.lang.String,java.lang.String,java.lang.String,java.lang.String,java.lang.String,java.lang.String,java.lang.String,java.lang.String)[pri:0, instance:com.testcases.Addproduct@1530c739]" started-at="2023-10-10T13:11:29 IST" name="loginvalidation" data-provider="dataload" finished-at="2023-10-10T13:11:55 IST" duration-ms="25910" status="PASS">
          <params>
            <param index="0">
              <value>
                <![CDATA[veshu]]>
              </value>
            </param>
            <param index="1">
              <value>
                <![CDATA[Vacuum Storage Bags]]>
              </value>
            </param>
            <param index="2">
              <value>
                <![CDATA[SELLWIZE 8 Pack Vacuum Storage Bags (4 x Small 4 x Mudium), More Space Saver Bags Vacuum Seal Bags with Pump, Space Bags, Vacuum Sealer Bags for Clothes, Comforters, Blankets, Bedding]]>
              </value>
            </param>
            <param index="3">
              <value>
                <![CDATA[4]]>
              </value>
            </param>
            <param index="4">
              <value>
                <![CDATA[80]]>
              </value>
            </param>
            <param index="5">
              <value>
                <![CDATA[60]]>
              </value>
            </param>
            <param index="6">
              <value>
                <![CDATA[ Transparent]]>
              </value>
            </param>
            <param index="7">
              <value>
                <![CDATA[850]]>
              </value>
            </param>
            <param index="8">
              <value>
                <![CDATA[1]]>
              </value>
            </param>
            <param index="9">
              <value>
                <![CDATA[16]]>
              </value>
            </param>
          </params>
          <reporter-output>
          </reporter-output>
        </test-method> <!-- loginvalidation -->
        <test-method is-config="true" signature="teardown()[pri:0, instance:com.testcases.Addproduct@1530c739]" started-at="2023-10-10T13:11:55 IST" name="teardown" finished-at="2023-10-10T13:11:55 IST" duration-ms="0" status="PASS">
          <reporter-output>
          </reporter-output>
        </test-method> <!-- teardown -->
      </class> <!-- com.testcases.Addproduct -->
    </test> <!-- Default test -->
  </suite> <!-- Default suite -->
</testng-results>
