<?xml version="1.0" encoding="UTF-8"?>
<testng-results ignored="0" total="1" passed="1" failed="0" skipped="0">
  <reporter-output>
  </reporter-output>
  <suite started-at="2023-10-19T16:43:06 IST" name="Default suite" finished-at="2023-10-19T16:43:37 IST" duration-ms="30583">
    <groups>
    </groups>
    <test started-at="2023-10-19T16:43:06 IST" name="Default test" finished-at="2023-10-19T16:43:37 IST" duration-ms="30583">
      <class name="com.testcases.AddCategory">
        <test-method is-config="true" signature="Data()[pri:0, instance:com.testcases.AddCategory@4145bad8]" started-at="2023-10-19T16:43:06 IST" name="Data" finished-at="2023-10-19T16:43:13 IST" duration-ms="6952" status="PASS">
          <reporter-output>
          </reporter-output>
        </test-method> <!-- Data -->
        <test-method signature="AddCatageoriesData()[pri:0, instance:com.testcases.AddCategory@4145bad8]" started-at="2023-10-19T16:43:13 IST" name="AddCatageoriesData" finished-at="2023-10-19T16:43:37 IST" duration-ms="23437" status="PASS">
          <reporter-output>
          </reporter-output>
        </test-method> <!-- AddCatageoriesData -->
        <test-method is-config="true" signature="teardown()[pri:0, instance:com.testcases.AddCategory@4145bad8]" started-at="2023-10-19T16:43:37 IST" name="teardown" finished-at="2023-10-19T16:43:37 IST" duration-ms="7" status="PASS">
          <reporter-output>
          </reporter-output>
        </test-method> <!-- teardown -->
      </class> <!-- com.testcases.AddCategory -->
    </test> <!-- Default test -->
  </suite> <!-- Default suite -->
</testng-results>
