<?xml version="1.0" encoding="UTF-8"?>
<testng-results ignored="0" total="1" passed="1" failed="0" skipped="0">
  <reporter-output>
  </reporter-output>
  <suite started-at="2023-10-26T19:22:49 IST" name="Default suite" finished-at="2023-10-26T19:23:24 IST" duration-ms="35754">
    <groups>
    </groups>
    <test started-at="2023-10-26T19:22:49 IST" name="Default test" finished-at="2023-10-26T19:23:24 IST" duration-ms="35754">
      <class name="com.testcases.Sub_Categeories">
        <test-method is-config="true" signature="Data()[pri:0, instance:com.testcases.Sub_Categeories@4145bad8]" started-at="2023-10-26T19:22:49 IST" name="Data" finished-at="2023-10-26T19:22:58 IST" duration-ms="9616" status="PASS">
          <reporter-output>
          </reporter-output>
        </test-method> <!-- Data -->
        <test-method signature="Sub_CatageoriesData()[pri:0, instance:com.testcases.Sub_Categeories@4145bad8]" started-at="2023-10-26T19:22:58 IST" name="Sub_CatageoriesData" finished-at="2023-10-26T19:23:24 IST" duration-ms="25959" status="PASS">
          <reporter-output>
          </reporter-output>
        </test-method> <!-- Sub_CatageoriesData -->
        <test-method is-config="true" signature="teardown()[pri:0, instance:com.testcases.Sub_Categeories@4145bad8]" started-at="2023-10-26T19:23:24 IST" name="teardown" finished-at="2023-10-26T19:23:24 IST" duration-ms="48" status="PASS">
          <reporter-output>
          </reporter-output>
        </test-method> <!-- teardown -->
      </class> <!-- com.testcases.Sub_Categeories -->
    </test> <!-- Default test -->
  </suite> <!-- Default suite -->
</testng-results>
