<?xml version="1.0" encoding="UTF-8"?>
<testng-results ignored="0" total="1" passed="1" failed="0" skipped="0">
  <reporter-output>
  </reporter-output>
  <suite started-at="2023-11-08T18:15:23 IST" name="Default suite" finished-at="2023-11-08T18:15:54 IST" duration-ms="30542">
    <groups>
    </groups>
    <test started-at="2023-11-08T18:15:23 IST" name="Default test" finished-at="2023-11-08T18:15:54 IST" duration-ms="30542">
      <class name="com.testcases.AddLocation">
        <test-method is-config="true" signature="Data()[pri:0, instance:com.testcases.AddLocation@6fa34d52]" started-at="2023-11-08T18:15:23 IST" name="Data" finished-at="2023-11-08T18:15:29 IST" duration-ms="5423" status="PASS">
          <reporter-output>
          </reporter-output>
        </test-method> <!-- Data -->
        <test-method signature="AddNewLocation()[pri:0, instance:com.testcases.AddLocation@6fa34d52]" started-at="2023-11-08T18:15:29 IST" name="AddNewLocation" finished-at="2023-11-08T18:15:54 IST" duration-ms="24941" status="PASS">
          <reporter-output>
          </reporter-output>
        </test-method> <!-- AddNewLocation -->
        <test-method is-config="true" signature="teardown()[pri:0, instance:com.testcases.AddLocation@6fa34d52]" started-at="2023-11-08T18:15:54 IST" name="teardown" finished-at="2023-11-08T18:15:54 IST" duration-ms="3" status="PASS">
          <reporter-output>
          </reporter-output>
        </test-method> <!-- teardown -->
      </class> <!-- com.testcases.AddLocation -->
    </test> <!-- Default test -->
  </suite> <!-- Default suite -->
</testng-results>
